<?xml version="1.0" encoding="UTF-8"?>
<!-- Generated by org.testng.reporters.JUnitReportReporter -->
<testsuite skipped="0" hostname="LAPTOP-4D1LSM4V" name="com.Amazon.Test.ValidatePrice" tests="1" failures="0" timestamp="2021-06-29T17:11:50 EDT" time="26.699" errors="0">
  <testcase name="validateItemPrice" time="26.699" classname="com.Amazon.Test.ValidatePrice"/>
  <system-out/>
</testsuite> <!-- com.Amazon.Test.ValidatePrice -->
