<?xml version="1.0" encoding="UTF-8"?>
<!-- Generated by org.testng.reporters.JUnitReportReporter -->
<testsuite skipped="0" hostname="LAPTOP-4D1LSM4V" name="com.Amazon.Test.RestAssuredTest" tests="1" failures="0" timestamp="2021-07-04T20:27:39 EDT" time="2.606" errors="0">
  <testcase name="validateDeleteEmployeeData" time="2.606" classname="com.Amazon.Test.RestAssuredTest"/>
  <system-out/>
</testsuite> <!-- com.Amazon.Test.RestAssuredTest -->
