<?xml version="1.0" encoding="UTF-8"?>
<!-- Generated by org.testng.reporters.JUnitReportReporter -->
<testsuite skipped="0" hostname="LAPTOP-4D1LSM4V" name="com.Amazon.Test.RestAssuredTest" tests="2" failures="0" timestamp="2021-06-25T16:01:31 EDT" time="3.812" errors="0">
  <testcase name="getEmployeeDetails" time="3.066" classname="com.Amazon.Test.RestAssuredTest"/>
  <system-out/>
  <testcase name="validateDeleteEmployeeData" time="0.746" classname="com.Amazon.Test.RestAssuredTest"/>
  <system-out/>
</testsuite> <!-- com.Amazon.Test.RestAssuredTest -->
